TN:
SF:src/config.js
FNF:0
FNH:0
DA:1,1
DA:2,1
DA:3,1
DA:4,1
DA:5,1
DA:6,1
DA:7,1
DA:8,1
DA:9,1
DA:10,1
DA:11,1
DA:12,1
DA:13,1
DA:14,1
DA:15,1
DA:16,1
DA:17,1
DA:18,1
DA:19,1
DA:20,1
DA:21,1
DA:22,1
DA:23,1
LF:23
LH:23
BRF:0
BRH:0
end_of_record
TN:
SF:src/price-calculator.js
FN:10,calculatePrice
FN:28,getUserTypeRebate
FN:37,getProductTypeRebate
FN:46,getPublishedDateRebate
FNF:4
FNH:4
FNDA:1,calculatePrice
FNDA:1,getUserTypeRebate
FNDA:1,getProductTypeRebate
FNDA:3,getPublishedDateRebate
DA:1,1
DA:2,1
DA:3,1
DA:4,1
DA:5,1
DA:6,1
DA:7,1
DA:8,1
DA:9,1
DA:10,1
DA:11,1
DA:12,1
DA:13,1
DA:14,1
DA:15,1
DA:16,1
DA:17,1
DA:18,1
DA:19,0
DA:20,0
DA:21,1
DA:22,1
DA:23,1
DA:24,1
DA:25,1
DA:26,1
DA:27,1
DA:28,1
DA:29,1
DA:30,1
DA:31,1
DA:32,1
DA:33,1
DA:34,1
DA:35,1
DA:36,1
DA:37,1
DA:38,1
DA:39,1
DA:40,1
DA:41,1
DA:42,1
DA:43,1
DA:44,1
DA:45,1
DA:46,1
DA:47,3
DA:48,1
DA:49,1
DA:50,3
DA:51,1
DA:52,1
LF:52
LH:50
BRDA:10,0,0,1
BRDA:18,1,0,0
BRDA:28,2,0,1
BRDA:29,3,0,0
BRDA:37,4,0,1
BRDA:38,5,0,0
BRDA:46,6,0,3
BRDA:47,7,0,2
BRDA:47,8,0,1
BRF:9
BRH:6
end_of_record
